Performing C SOURCE FILE Test CMAKE_HAVE_LIBC_PTHREAD failed with the following output:
Change Dir: /home/jestemleon/Dokumenty/SCZR/cmake-build-debug/CMakeFiles/CMakeTmp

Run Build Command(s):/usr/bin/gmake cmTC_9b82f/fast && /usr/bin/gmake  -f CMakeFiles/cmTC_9b82f.dir/build.make CMakeFiles/cmTC_9b82f.dir/build
gmake[1]: Wejście do katalogu '/home/jestemleon/Dokumenty/SCZR/cmake-build-debug/CMakeFiles/CMakeTmp'
Building C object CMakeFiles/cmTC_9b82f.dir/src.c.o
/usr/bin/cc   -DCMAKE_HAVE_LIBC_PTHREAD   -o CMakeFiles/cmTC_9b82f.dir/src.c.o   -c /home/jestemleon/Dokumenty/SCZR/cmake-build-debug/CMakeFiles/CMakeTmp/src.c
Linking C executable cmTC_9b82f
/home/jestemleon/.local/share/JetBrains/Toolbox/apps/CLion/ch-0/203.6682.181/bin/cmake/linux/bin/cmake -E cmake_link_script CMakeFiles/cmTC_9b82f.dir/link.txt --verbose=1
/usr/bin/cc  -DCMAKE_HAVE_LIBC_PTHREAD    CMakeFiles/cmTC_9b82f.dir/src.c.o  -o cmTC_9b82f 
/usr/bin/ld: CMakeFiles/cmTC_9b82f.dir/src.c.o: in function `main':
src.c:(.text+0x2d): undefined reference to `pthread_create'
/usr/bin/ld: src.c:(.text+0x39): undefined reference to `pthread_detach'
/usr/bin/ld: src.c:(.text+0x45): undefined reference to `pthread_cancel'
/usr/bin/ld: src.c:(.text+0x56): undefined reference to `pthread_join'
collect2: error: ld returned 1 exit status
gmake[1]: *** [CMakeFiles/cmTC_9b82f.dir/build.make:107: cmTC_9b82f] Błąd 1
gmake[1]: Opuszczenie katalogu '/home/jestemleon/Dokumenty/SCZR/cmake-build-debug/CMakeFiles/CMakeTmp'
gmake: *** [Makefile:141: cmTC_9b82f/fast] Błąd 2


Source file was:
#include <pthread.h>

void* test_func(void* data)
{
  return data;
}

int main(void)
{
  pthread_t thread;
  pthread_create(&thread, NULL, test_func, NULL);
  pthread_detach(thread);
  pthread_cancel(thread);
  pthread_join(thread, NULL);
  pthread_atfork(NULL, NULL, NULL);
  pthread_exit(NULL);

  return 0;
}

Determining if the function pthread_create exists in the pthreads failed with the following output:
Change Dir: /home/jestemleon/Dokumenty/SCZR/cmake-build-debug/CMakeFiles/CMakeTmp

Run Build Command(s):/usr/bin/gmake cmTC_2fd68/fast && /usr/bin/gmake  -f CMakeFiles/cmTC_2fd68.dir/build.make CMakeFiles/cmTC_2fd68.dir/build
gmake[1]: Wejście do katalogu '/home/jestemleon/Dokumenty/SCZR/cmake-build-debug/CMakeFiles/CMakeTmp'
Building C object CMakeFiles/cmTC_2fd68.dir/CheckFunctionExists.c.o
/usr/bin/cc   -DCHECK_FUNCTION_EXISTS=pthread_create   -o CMakeFiles/cmTC_2fd68.dir/CheckFunctionExists.c.o   -c /home/jestemleon/.local/share/JetBrains/Toolbox/apps/CLion/ch-0/203.6682.181/bin/cmake/linux/share/cmake-3.17/Modules/CheckFunctionExists.c
Linking C executable cmTC_2fd68
/home/jestemleon/.local/share/JetBrains/Toolbox/apps/CLion/ch-0/203.6682.181/bin/cmake/linux/bin/cmake -E cmake_link_script CMakeFiles/cmTC_2fd68.dir/link.txt --verbose=1
/usr/bin/cc  -DCHECK_FUNCTION_EXISTS=pthread_create    CMakeFiles/cmTC_2fd68.dir/CheckFunctionExists.c.o  -o cmTC_2fd68  -lpthreads 
/usr/bin/ld: cannot find -lpthreads
collect2: error: ld returned 1 exit status
gmake[1]: *** [CMakeFiles/cmTC_2fd68.dir/build.make:107: cmTC_2fd68] Błąd 1
gmake[1]: Opuszczenie katalogu '/home/jestemleon/Dokumenty/SCZR/cmake-build-debug/CMakeFiles/CMakeTmp'
gmake: *** [Makefile:141: cmTC_2fd68/fast] Błąd 2



